  main.cpp
f:\личное\_becoming_software_developer\c++\git\mystl\vector\vector\main.cpp(8): warning C4326: return type of 'main' should be 'int' instead of 'void'
f:\личное\_becoming_software_developer\c++\git\mystl\vector\vector\main.cpp(13): warning C4018: '<': signed/unsigned mismatch
f:\личное\_becoming_software_developer\c++\git\mystl\vector\vector\main.cpp(24): warning C4018: '<': signed/unsigned mismatch
f:\личное\_becoming_software_developer\c++\git\mystl\vector\vector\main.cpp(34): warning C4018: '<': signed/unsigned mismatch
f:\личное\_becoming_software_developer\c++\git\mystl\vector\vector\vector.h(54): warning C4018: '<': signed/unsigned mismatch
  f:\личное\_becoming_software_developer\c++\git\mystl\vector\vector\vector.h(43): note: while compiling class template member function 'Vector<int>::Vector(const int)'
  f:\личное\_becoming_software_developer\c++\git\mystl\vector\vector\main.cpp(9): note: see reference to function template instantiation 'Vector<int>::Vector(const int)' being compiled
  f:\личное\_becoming_software_developer\c++\git\mystl\vector\vector\main.cpp(9): note: see reference to class template instantiation 'Vector<int>' being compiled
f:\личное\_becoming_software_developer\c++\git\mystl\vector\vector\vector.h(246): warning C4018: '<': signed/unsigned mismatch
  f:\личное\_becoming_software_developer\c++\git\mystl\vector\vector\vector.h(239): note: while compiling class template member function 'void Vector<int>::resize(const int,const V &)'
          with
          [
              V=int
          ]
  f:\личное\_becoming_software_developer\c++\git\mystl\vector\vector\main.cpp(19): note: see reference to function template instantiation 'void Vector<int>::resize(const int,const V &)' being compiled
          with
          [
              V=int
          ]
f:\личное\_becoming_software_developer\c++\git\mystl\vector\vector\vector.h(248): warning C4018: '<': signed/unsigned mismatch
f:\личное\_becoming_software_developer\c++\git\mystl\vector\vector\vector.h(252): warning C4018: '>=': signed/unsigned mismatch
  Vector.vcxproj -> F:\Личное\_Becoming_Software_Developer\C++\Git\mySTL\Vector\Debug\Vector.exe
